[2022-09-13 01:10:24] New deadchest for [Hoberth] in world at X:45 Y:36 Z:195
[2022-09-13 01:12:13] Player [SkillerEGO] died without inventory : No Deadchest generated
[2022-09-13 01:15:25] Deadchest of [Hoberth] has expired in world
[2022-09-13 01:16:05] New deadchest for [VenomExtreme] in world at X:218 Y:82 Z:107
[2022-09-13 01:16:28] New deadchest for [Hoberth] in world at X:220 Y:66 Z:108
[2022-09-13 01:16:28] Deadchest of [Hoberth] was protected from explosion in world
[2022-09-13 01:16:28] Deadchest of [Hoberth] was protected from explosion in world
[2022-09-13 01:16:28] Deadchest of [Hoberth] was protected from explosion in world
[2022-09-13 01:16:29] Deadchest of [Hoberth] was protected from explosion in world
[2022-09-13 01:17:33] Deadchest of [Hoberth] was taken by [Hoberth] in world
[2022-09-13 01:19:13] New deadchest for [Beleco] in world at X:218 Y:64 Z:105
[2022-09-13 01:20:05] Player [Beleco] died without inventory : No Deadchest generated
[2022-09-13 01:20:13] New deadchest for [Hoberth] in world at X:221 Y:57 Z:100
[2022-09-13 01:20:17] Player [VenomExtreme] died without inventory : No Deadchest generated
[2022-09-13 01:21:05] Deadchest of [VenomExtreme] has expired in world
[2022-09-13 01:21:54] Player [VenomExtreme] died without inventory : No Deadchest generated
[2022-09-13 01:22:37] Player [Beleco] died without inventory : No Deadchest generated
[2022-09-13 01:24:13] Deadchest of [Beleco] has expired in world
[2022-09-13 01:25:13] Deadchest of [Hoberth] has expired in world
[2022-09-13 02:27:16] New deadchest for [Hoberth] in world at X:1744 Y:67 Z:570
[2022-09-13 02:27:22] Deadchest of [Hoberth] was taken by [Hoberth] in world
[2022-09-13 02:49:43] New deadchest for [SkillerEGO] in world at X:1695 Y:-26 Z:610
[2022-09-13 02:53:31] Deadchest of [SkillerEGO] was taken by [SkillerEGO] in world
[2022-09-13 03:00:33] New deadchest for [SkillerEGO] in world at X:1723 Y:-27 Z:644
[2022-09-13 03:05:29] New deadchest for [SkillerEGO] in world at X:1718 Y:13 Z:570
[2022-09-13 03:05:33] Deadchest of [SkillerEGO] has expired in world
[2022-09-13 03:06:11] New deadchest for [SkillerEGO] in world at X:1718 Y:14 Z:570
[2022-09-13 03:07:35] Deadchest of [SkillerEGO] was taken by [SkillerEGO] in world
[2022-09-13 03:07:35] Deadchest of [SkillerEGO] was taken by [SkillerEGO] in world
[2022-09-13 03:16:34] New deadchest for [SkillerEGO] in world at X:1751 Y:-26 Z:747
[2022-09-13 03:21:34] Deadchest of [SkillerEGO] has expired in world
[2022-09-13 03:37:24] New deadchest for [SkillerEGO] in world at X:1834 Y:64 Z:1111
[2022-09-13 03:38:08] Deadchest of [SkillerEGO] was taken by [SkillerEGO] in world
[2022-09-13 03:47:54] New deadchest for [SkillerEGO] in world at X:2092 Y:80 Z:976
[2022-09-13 03:50:16] Deadchest of [SkillerEGO] was taken by [SkillerEGO] in world
[2022-09-13 04:10:02] New deadchest for [VenomExtreme] in world at X:1781 Y:4 Z:644
[2022-09-13 04:11:42] New deadchest for [VenomExtreme] in world at X:1797 Y:-35 Z:760
[2022-09-13 04:13:14] Player [VenomExtreme] died without inventory : No Deadchest generated
[2022-09-13 04:14:24] Player [VenomExtreme] died without inventory : No Deadchest generated
[2022-09-13 04:15:03] Deadchest of [VenomExtreme] has expired in world
[2022-09-13 04:15:11] Player [VenomExtreme] died without inventory : No Deadchest generated
[2022-09-13 04:16:43] Deadchest of [VenomExtreme] has expired in world
[2022-09-13 04:16:44] Deadchest of [VenomExtreme] has expired in world
[2022-09-13 04:16:45] Deadchest of [VenomExtreme] has expired in world
[2022-09-13 04:16:46] Deadchest of [VenomExtreme] has expired in world
[2022-09-13 04:16:47] Deadchest of [VenomExtreme] has expired in world
[2022-09-13 04:16:48] Deadchest of [VenomExtreme] has expired in world
[2022-09-13 04:16:49] Deadchest of [VenomExtreme] has expired in world
[2022-09-13 04:16:50] Deadchest of [VenomExtreme] has expired in world
[2022-09-13 04:16:51] Deadchest of [VenomExtreme] has expired in world
[2022-09-13 04:16:52] Deadchest of [VenomExtreme] has expired in world
[2022-09-13 04:16:53] Deadchest of [VenomExtreme] has expired in world
[2022-09-13 04:16:54] Deadchest of [VenomExtreme] has expired in world
[2022-09-13 04:16:55] Deadchest of [VenomExtreme] has expired in world
[2022-09-13 04:16:56] Deadchest of [VenomExtreme] has expired in world
[2022-09-13 04:16:57] Deadchest of [VenomExtreme] has expired in world
[2022-09-13 04:16:58] Deadchest of [VenomExtreme] has expired in world
[2022-09-13 04:16:59] Deadchest of [VenomExtreme] has expired in world
[2022-09-13 04:17:00] Deadchest of [VenomExtreme] has expired in world
[2022-09-13 04:17:01] Deadchest of [VenomExtreme] has expired in world
[2022-09-13 04:17:02] Deadchest of [VenomExtreme] has expired in world
[2022-09-13 04:17:03] Deadchest of [VenomExtreme] has expired in world
[2022-09-13 04:17:04] Deadchest of [VenomExtreme] has expired in world
[2022-09-13 04:17:05] Deadchest of [VenomExtreme] has expired in world
[2022-09-13 04:17:06] Deadchest of [VenomExtreme] has expired in world
[2022-09-13 04:17:07] Deadchest of [VenomExtreme] has expired in world
[2022-09-13 04:17:08] Deadchest of [VenomExtreme] has expired in world
[2022-09-13 04:17:09] Deadchest of [VenomExtreme] has expired in world
[2022-09-13 04:17:10] Deadchest of [VenomExtreme] has expired in world
[2022-09-13 04:17:11] Deadchest of [VenomExtreme] has expired in world
[2022-09-13 04:17:12] Deadchest of [VenomExtreme] has expired in world
[2022-09-13 04:17:13] Deadchest of [VenomExtreme] has expired in world
[2022-09-13 04:17:14] Deadchest of [VenomExtreme] has expired in world
[2022-09-13 04:17:15] Deadchest of [VenomExtreme] has expired in world
[2022-09-13 04:17:16] Deadchest of [VenomExtreme] has expired in world
[2022-09-13 04:17:17] Deadchest of [VenomExtreme] has expired in world
[2022-09-13 04:17:18] Deadchest of [VenomExtreme] has expired in world
[2022-09-13 04:17:19] Deadchest of [VenomExtreme] has expired in world
[2022-09-13 04:17:20] Deadchest of [VenomExtreme] has expired in world
[2022-09-13 04:17:21] Deadchest of [VenomExtreme] has expired in world
[2022-09-13 04:17:22] Deadchest of [VenomExtreme] has expired in world
[2022-09-13 04:17:23] Deadchest of [VenomExtreme] has expired in world
[2022-09-13 04:17:24] Deadchest of [VenomExtreme] has expired in world
[2022-09-13 04:17:25] Deadchest of [VenomExtreme] has expired in world
[2022-09-13 04:17:26] Deadchest of [VenomExtreme] has expired in world
[2022-09-13 04:17:27] Deadchest of [VenomExtreme] has expired in world
[2022-09-13 04:17:28] Deadchest of [VenomExtreme] has expired in world
[2022-09-13 04:17:29] Deadchest of [VenomExtreme] has expired in world
[2022-09-13 04:17:30] Deadchest of [VenomExtreme] has expired in world
[2022-09-13 04:17:31] Deadchest of [VenomExtreme] has expired in world
[2022-09-13 04:17:32] Deadchest of [VenomExtreme] has expired in world
[2022-09-13 04:17:33] Deadchest of [VenomExtreme] has expired in world
[2022-09-13 04:17:34] Deadchest of [VenomExtreme] has expired in world
[2022-09-13 04:17:35] Deadchest of [VenomExtreme] has expired in world
[2022-09-13 04:17:36] Deadchest of [VenomExtreme] has expired in world
[2022-09-13 04:17:37] Deadchest of [VenomExtreme] has expired in world
[2022-09-13 04:17:38] Deadchest of [VenomExtreme] has expired in world
[2022-09-13 04:17:39] Deadchest of [VenomExtreme] has expired in world
[2022-09-13 04:17:40] Deadchest of [VenomExtreme] has expired in world
[2022-09-13 04:17:41] Deadchest of [VenomExtreme] has expired in world
[2022-09-13 04:17:42] Deadchest of [VenomExtreme] has expired in world
[2022-09-13 04:17:43] Deadchest of [VenomExtreme] has expired in world
[2022-09-13 04:17:44] Deadchest of [VenomExtreme] has expired in world
[2022-09-13 04:17:45] Deadchest of [VenomExtreme] has expired in world
[2022-09-13 04:17:46] Deadchest of [VenomExtreme] has expired in world
[2022-09-13 04:17:47] Deadchest of [VenomExtreme] has expired in world
[2022-09-13 04:17:48] Deadchest of [VenomExtreme] has expired in world
[2022-09-13 04:17:49] Deadchest of [VenomExtreme] has expired in world
[2022-09-13 04:17:50] Deadchest of [VenomExtreme] has expired in world
[2022-09-13 04:17:51] Deadchest of [VenomExtreme] has expired in world
[2022-09-13 04:17:52] Deadchest of [VenomExtreme] has expired in world
[2022-09-13 04:17:53] Deadchest of [VenomExtreme] has expired in world
[2022-09-13 04:17:54] Deadchest of [VenomExtreme] has expired in world
[2022-09-13 23:03:00] New deadchest for [robson2] in world at X:1650 Y:60 Z:506
[2022-09-13 23:03:06] Deadchest of [robson2] was taken by [robson2] in world
[2022-09-13 23:21:54] New deadchest for [robson2] in world at X:1090 Y:58 Z:1344
[2022-09-13 23:26:54] Deadchest of [robson2] has expired in world
[2022-09-13 23:26:56] Deadchest of [robson2] has expired in world
[2022-09-13 23:26:57] Deadchest of [robson2] has expired in world
[2022-09-13 23:26:57] Deadchest of [robson2] has expired in world
[2022-09-13 23:26:58] Deadchest of [robson2] has expired in world
[2022-09-13 23:27:00] Deadchest of [robson2] has expired in world
[2022-09-13 23:27:02] Deadchest of [robson2] has expired in world
[2022-09-13 23:27:04] Deadchest of [robson2] has expired in world
[2022-09-13 23:27:05] Deadchest of [robson2] has expired in world
[2022-09-13 23:27:06] Deadchest of [robson2] has expired in world
[2022-09-13 23:27:07] Deadchest of [robson2] has expired in world
[2022-09-13 23:27:07] Deadchest of [robson2] has expired in world
[2022-09-13 23:27:09] Deadchest of [robson2] has expired in world
[2022-09-13 23:27:09] Deadchest of [robson2] has expired in world
[2022-09-13 23:27:10] Deadchest of [robson2] has expired in world
[2022-09-13 23:27:11] Deadchest of [robson2] has expired in world
[2022-09-13 23:27:11] Deadchest of [robson2] has expired in world
[2022-09-13 23:27:12] Deadchest of [robson2] has expired in world
[2022-09-13 23:27:13] Deadchest of [robson2] has expired in world
[2022-09-13 23:27:14] Deadchest of [robson2] has expired in world
[2022-09-13 23:27:17] Deadchest of [robson2] has expired in world
[2022-09-13 23:27:18] Deadchest of [robson2] has expired in world
[2022-09-13 23:27:20] Deadchest of [robson2] has expired in world
[2022-09-13 23:27:21] Deadchest of [robson2] has expired in world
[2022-09-13 23:27:23] Deadchest of [robson2] has expired in world
[2022-09-13 23:27:24] Deadchest of [robson2] has expired in world
[2022-09-13 23:27:25] Deadchest of [robson2] has expired in world
[2022-09-13 23:27:26] Deadchest of [robson2] has expired in world
[2022-09-13 23:27:28] Deadchest of [robson2] has expired in world
[2022-09-13 23:27:29] Deadchest of [robson2] has expired in world
[2022-09-13 23:27:30] Deadchest of [robson2] has expired in world
[2022-09-13 23:27:30] Deadchest of [robson2] has expired in world
[2022-09-13 23:27:32] Deadchest of [robson2] has expired in world
[2022-09-13 23:27:34] Deadchest of [robson2] has expired in world
[2022-09-13 23:27:35] Deadchest of [robson2] has expired in world
[2022-09-13 23:27:37] Deadchest of [robson2] has expired in world
[2022-09-13 23:27:39] Deadchest of [robson2] has expired in world
[2022-09-13 23:27:41] Deadchest of [robson2] has expired in world
[2022-09-13 23:27:44] Deadchest of [robson2] has expired in world
[2022-09-13 23:27:46] Deadchest of [robson2] has expired in world
[2022-09-13 23:27:46] Deadchest of [robson2] has expired in world
[2022-09-13 23:27:47] Deadchest of [robson2] has expired in world
[2022-09-13 23:27:48] Deadchest of [robson2] has expired in world
[2022-09-13 23:27:49] Deadchest of [robson2] has expired in world
[2022-09-13 23:27:49] Deadchest of [robson2] has expired in world
[2022-09-13 23:27:50] Deadchest of [robson2] has expired in world
[2022-09-13 23:27:52] Deadchest of [robson2] has expired in world
[2022-09-13 23:27:54] Deadchest of [robson2] has expired in world
[2022-09-13 23:27:54] Deadchest of [robson2] has expired in world
[2022-09-13 23:27:55] Deadchest of [robson2] has expired in world
[2022-09-13 23:27:56] Deadchest of [robson2] has expired in world
[2022-09-13 23:27:57] Deadchest of [robson2] has expired in world
[2022-09-13 23:27:57] Deadchest of [robson2] has expired in world
[2022-09-13 23:27:58] Deadchest of [robson2] has expired in world
[2022-09-13 23:27:59] Deadchest of [robson2] has expired in world
[2022-09-13 23:28:00] Deadchest of [robson2] has expired in world
[2022-09-13 23:28:02] Deadchest of [robson2] has expired in world
[2022-09-13 23:28:03] Deadchest of [robson2] has expired in world
[2022-09-13 23:28:04] Deadchest of [robson2] has expired in world
[2022-09-13 23:28:04] Deadchest of [robson2] has expired in world
[2022-09-13 23:28:05] Deadchest of [robson2] has expired in world
[2022-09-13 23:28:06] Deadchest of [robson2] has expired in world
[2022-09-13 23:28:07] Deadchest of [robson2] has expired in world
[2022-09-13 23:28:08] Deadchest of [robson2] has expired in world
[2022-09-13 23:28:09] Deadchest of [robson2] has expired in world
[2022-09-13 23:28:10] Deadchest of [robson2] has expired in world
[2022-09-13 23:28:11] Deadchest of [robson2] has expired in world
[2022-09-13 23:28:12] Deadchest of [robson2] has expired in world
[2022-09-13 23:28:13] Deadchest of [robson2] has expired in world
[2022-09-13 23:28:14] Deadchest of [robson2] has expired in world
[2022-09-13 23:28:15] Deadchest of [robson2] has expired in world
[2022-09-13 23:28:16] Deadchest of [robson2] has expired in world
[2022-09-13 23:28:17] Deadchest of [robson2] has expired in world
[2022-09-13 23:28:18] Deadchest of [robson2] has expired in world
[2022-09-13 23:28:19] Deadchest of [robson2] has expired in world
[2022-09-13 23:28:20] Deadchest of [robson2] has expired in world
[2022-09-13 23:28:21] Deadchest of [robson2] has expired in world
[2022-09-13 23:28:22] Deadchest of [robson2] has expired in world
[2022-09-13 23:28:23] Deadchest of [robson2] has expired in world
[2022-09-13 23:28:24] Deadchest of [robson2] has expired in world
[2022-09-13 23:28:25] Deadchest of [robson2] has expired in world
[2022-09-13 23:28:26] Deadchest of [robson2] has expired in world
[2022-09-13 23:28:27] Deadchest of [robson2] has expired in world
[2022-09-13 23:28:28] Deadchest of [robson2] has expired in world
[2022-09-13 23:28:29] Deadchest of [robson2] has expired in world
[2022-09-13 23:28:30] Deadchest of [robson2] has expired in world
[2022-09-13 23:28:31] Deadchest of [robson2] has expired in world
[2022-09-13 23:28:32] Deadchest of [robson2] has expired in world
[2022-09-13 23:28:33] Deadchest of [robson2] has expired in world
[2022-09-13 23:28:34] Deadchest of [robson2] has expired in world
[2022-09-13 23:28:35] Deadchest of [robson2] has expired in world
[2022-09-13 23:28:36] Deadchest of [robson2] has expired in world
[2022-09-13 23:28:37] Deadchest of [robson2] has expired in world
[2022-09-13 23:28:38] Deadchest of [robson2] has expired in world
[2022-09-13 23:28:39] Deadchest of [robson2] has expired in world
[2022-09-13 23:28:40] Deadchest of [robson2] has expired in world
[2022-09-13 23:28:41] Deadchest of [robson2] has expired in world
[2022-09-13 23:28:42] Deadchest of [robson2] has expired in world
[2022-09-13 23:28:43] Deadchest of [robson2] has expired in world
[2022-09-13 23:28:44] Deadchest of [robson2] has expired in world
[2022-09-13 23:28:45] Deadchest of [robson2] has expired in world
[2022-09-13 23:28:46] Deadchest of [robson2] has expired in world
[2022-09-13 23:28:47] Deadchest of [robson2] has expired in world
[2022-09-13 23:28:48] Deadchest of [robson2] has expired in world
[2022-09-13 23:28:49] Deadchest of [robson2] has expired in world
[2022-09-13 23:28:50] Deadchest of [robson2] has expired in world
[2022-09-13 23:28:51] Deadchest of [robson2] has expired in world
[2022-09-13 23:28:52] Deadchest of [robson2] has expired in world
[2022-09-13 23:28:53] Deadchest of [robson2] has expired in world
[2022-09-13 23:29:40] New deadchest for [robson2] in world at X:1086 Y:58 Z:1334
[2022-09-13 23:34:42] Deadchest of [robson2] has expired in world
[2022-09-13 23:34:43] Deadchest of [robson2] has expired in world
[2022-09-13 23:34:43] Deadchest of [robson2] has expired in world
[2022-09-13 23:34:44] Deadchest of [robson2] has expired in world
[2022-09-13 23:34:47] Deadchest of [robson2] has expired in world
[2022-09-13 23:34:48] Deadchest of [robson2] has expired in world
[2022-09-13 23:34:48] Deadchest of [robson2] has expired in world
[2022-09-13 23:34:48] Deadchest of [robson2] has expired in world
[2022-09-13 23:34:49] Deadchest of [robson2] has expired in world
[2022-09-13 23:34:51] Deadchest of [robson2] has expired in world
[2022-09-13 23:34:52] Deadchest of [robson2] has expired in world
[2022-09-13 23:34:52] Deadchest of [robson2] has expired in world
[2022-09-13 23:34:55] Deadchest of [robson2] has expired in world
[2022-09-13 23:34:55] Deadchest of [robson2] has expired in world
[2022-09-13 23:34:56] Deadchest of [robson2] has expired in world
[2022-09-13 23:34:56] Deadchest of [robson2] has expired in world
[2022-09-13 23:34:57] Deadchest of [robson2] has expired in world
[2022-09-13 23:35:00] Deadchest of [robson2] has expired in world
[2022-09-13 23:35:00] Deadchest of [robson2] has expired in world
[2022-09-13 23:35:01] Deadchest of [robson2] has expired in world
[2022-09-13 23:35:01] Deadchest of [robson2] has expired in world
[2022-09-13 23:35:02] Deadchest of [robson2] has expired in world
[2022-09-13 23:35:05] Deadchest of [robson2] has expired in world
[2022-09-13 23:35:05] Deadchest of [robson2] has expired in world
[2022-09-13 23:35:05] Deadchest of [robson2] has expired in world
[2022-09-13 23:35:06] Deadchest of [robson2] has expired in world
[2022-09-13 23:35:09] Deadchest of [robson2] has expired in world
[2022-09-13 23:35:09] Deadchest of [robson2] has expired in world
[2022-09-13 23:35:10] Deadchest of [robson2] has expired in world
[2022-09-13 23:35:10] Deadchest of [robson2] has expired in world
[2022-09-13 23:35:11] Deadchest of [robson2] has expired in world
[2022-09-13 23:35:14] Deadchest of [robson2] has expired in world
[2022-09-13 23:35:14] Deadchest of [robson2] has expired in world
[2022-09-13 23:35:15] Deadchest of [robson2] has expired in world
[2022-09-13 23:35:15] Deadchest of [robson2] has expired in world
[2022-09-13 23:35:16] Deadchest of [robson2] has expired in world
[2022-09-13 23:35:18] Deadchest of [robson2] has expired in world
[2022-09-13 23:35:19] Deadchest of [robson2] has expired in world
[2022-09-13 23:35:19] Deadchest of [robson2] has expired in world
[2022-09-13 23:35:20] Deadchest of [robson2] has expired in world
[2022-09-13 23:35:23] Deadchest of [robson2] has expired in world
[2022-09-13 23:35:23] Deadchest of [robson2] has expired in world
[2022-09-13 23:35:23] Deadchest of [robson2] has expired in world
[2022-09-13 23:35:24] Deadchest of [robson2] has expired in world
[2022-09-13 23:35:27] Deadchest of [robson2] has expired in world
[2022-09-13 23:35:27] Deadchest of [robson2] has expired in world
[2022-09-13 23:35:28] Deadchest of [robson2] has expired in world
[2022-09-13 23:35:28] Deadchest of [robson2] has expired in world
[2022-09-13 23:35:29] Deadchest of [robson2] has expired in world
[2022-09-13 23:35:31] Deadchest of [robson2] has expired in world
[2022-09-13 23:35:32] Deadchest of [robson2] has expired in world
[2022-09-13 23:35:32] Deadchest of [robson2] has expired in world
[2022-09-13 23:35:33] Deadchest of [robson2] has expired in world
[2022-09-13 23:35:36] Deadchest of [robson2] has expired in world
[2022-09-13 23:35:36] Deadchest of [robson2] has expired in world
[2022-09-13 23:35:37] Deadchest of [robson2] has expired in world
[2022-09-13 23:35:37] Deadchest of [robson2] has expired in world
[2022-09-13 23:35:38] Deadchest of [robson2] has expired in world
[2022-09-13 23:35:41] Deadchest of [robson2] has expired in world
[2022-09-13 23:35:42] Deadchest of [robson2] has expired in world
[2022-09-13 23:35:42] Deadchest of [robson2] has expired in world
[2022-09-13 23:35:42] Deadchest of [robson2] has expired in world
[2022-09-13 23:35:43] Deadchest of [robson2] has expired in world
[2022-09-13 23:35:46] Deadchest of [robson2] has expired in world
[2022-09-13 23:35:46] Deadchest of [robson2] has expired in world
[2022-09-13 23:35:46] Deadchest of [robson2] has expired in world
[2022-09-13 23:35:47] Deadchest of [robson2] has expired in world
[2022-09-13 23:35:50] Deadchest of [robson2] has expired in world
[2022-09-13 23:35:50] Deadchest of [robson2] has expired in world
[2022-09-13 23:35:50] Deadchest of [robson2] has expired in world
[2022-09-13 23:35:51] Deadchest of [robson2] has expired in world
[2022-09-13 23:35:54] Deadchest of [robson2] has expired in world
[2022-09-13 23:35:54] Deadchest of [robson2] has expired in world
[2022-09-13 23:35:55] Deadchest of [robson2] has expired in world
[2022-09-13 23:35:55] Deadchest of [robson2] has expired in world
[2022-09-13 23:35:58] Deadchest of [robson2] has expired in world
[2022-09-13 23:35:58] Deadchest of [robson2] has expired in world
[2022-09-13 23:35:59] Deadchest of [robson2] has expired in world
[2022-09-13 23:35:59] Deadchest of [robson2] has expired in world
[2022-09-13 23:36:00] Deadchest of [robson2] has expired in world
[2022-09-13 23:36:05] Deadchest of [robson2] has expired in world
[2022-09-13 23:36:10] Deadchest of [robson2] has expired in world
[2022-09-13 23:36:11] Deadchest of [robson2] has expired in world
[2022-09-13 23:36:12] Deadchest of [robson2] has expired in world
[2022-09-13 23:36:12] Deadchest of [robson2] has expired in world
[2022-09-13 23:36:13] Deadchest of [robson2] has expired in world
[2022-09-13 23:36:13] Deadchest of [robson2] has expired in world
[2022-09-13 23:36:14] Deadchest of [robson2] has expired in world
[2022-09-13 23:36:15] Deadchest of [robson2] has expired in world
[2022-09-13 23:36:16] Deadchest of [robson2] has expired in world
[2022-09-13 23:36:17] Deadchest of [robson2] has expired in world
[2022-09-13 23:36:17] Deadchest of [robson2] has expired in world
[2022-09-13 23:36:20] Deadchest of [robson2] has expired in world
[2022-09-13 23:36:20] Deadchest of [robson2] has expired in world
[2022-09-13 23:36:21] Deadchest of [robson2] has expired in world
[2022-09-13 23:36:21] Deadchest of [robson2] has expired in world
[2022-09-13 23:36:23] Deadchest of [robson2] has expired in world
[2022-09-13 23:36:24] Deadchest of [robson2] has expired in world
[2022-09-13 23:36:25] Deadchest of [robson2] has expired in world
[2022-09-13 23:36:25] Deadchest of [robson2] has expired in world
[2022-09-13 23:36:26] Deadchest of [robson2] has expired in world
[2022-09-13 23:36:31] Deadchest of [robson2] has expired in world
[2022-09-13 23:36:31] Deadchest of [robson2] has expired in world
[2022-09-13 23:36:32] Deadchest of [robson2] has expired in world
[2022-09-13 23:36:32] Deadchest of [robson2] has expired in world
[2022-09-13 23:36:33] Deadchest of [robson2] has expired in world
[2022-09-13 23:36:33] Deadchest of [robson2] has expired in world
[2022-09-13 23:36:34] Deadchest of [robson2] has expired in world
[2022-09-13 23:36:34] Deadchest of [robson2] has expired in world
[2022-09-13 23:36:37] Deadchest of [robson2] has expired in world
[2022-09-13 23:36:37] Deadchest of [robson2] has expired in world
[2022-09-13 23:36:37] Deadchest of [robson2] has expired in world
[2022-09-13 23:36:38] Deadchest of [robson2] has expired in world
[2022-09-13 23:36:41] Deadchest of [robson2] has expired in world
[2022-09-13 23:36:41] Deadchest of [robson2] has expired in world
[2022-09-13 23:36:42] Deadchest of [robson2] has expired in world
[2022-09-13 23:36:42] Deadchest of [robson2] has expired in world
[2022-09-13 23:36:45] Deadchest of [robson2] has expired in world
[2022-09-13 23:36:45] Deadchest of [robson2] has expired in world
[2022-09-13 23:36:45] Deadchest of [robson2] has expired in world
[2022-09-13 23:36:46] Deadchest of [robson2] has expired in world
[2022-09-13 23:36:49] Deadchest of [robson2] has expired in world
[2022-09-13 23:36:49] Deadchest of [robson2] has expired in world
[2022-09-13 23:36:49] Deadchest of [robson2] has expired in world
[2022-09-13 23:36:50] Deadchest of [robson2] has expired in world
[2022-09-13 23:36:53] Deadchest of [robson2] has expired in world
[2022-09-13 23:36:53] Deadchest of [robson2] has expired in world
[2022-09-13 23:36:54] Deadchest of [robson2] has expired in world
[2022-09-13 23:36:54] Deadchest of [robson2] has expired in world
[2022-09-13 23:36:55] Deadchest of [robson2] has expired in world
[2022-09-13 23:36:58] Deadchest of [robson2] has expired in world
[2022-09-13 23:36:58] Deadchest of [robson2] has expired in world
[2022-09-13 23:36:58] Deadchest of [robson2] has expired in world
[2022-09-13 23:36:59] Deadchest of [robson2] has expired in world
[2022-09-13 23:37:01] Deadchest of [robson2] has expired in world
[2022-09-13 23:37:02] Deadchest of [robson2] has expired in world
[2022-09-13 23:37:02] Deadchest of [robson2] has expired in world
[2022-09-13 23:37:03] Deadchest of [robson2] has expired in world
[2022-09-13 23:37:05] Deadchest of [robson2] has expired in world
[2022-09-13 23:37:06] Deadchest of [robson2] has expired in world
[2022-09-13 23:37:06] Deadchest of [robson2] has expired in world
[2022-09-13 23:37:07] Deadchest of [robson2] has expired in world
[2022-09-13 23:37:10] Deadchest of [robson2] has expired in world
[2022-09-13 23:37:10] Deadchest of [robson2] has expired in world
[2022-09-13 23:37:11] Deadchest of [robson2] has expired in world
[2022-09-13 23:37:11] Deadchest of [robson2] has expired in world
[2022-09-13 23:37:12] Deadchest of [robson2] has expired in world
[2022-09-13 23:37:15] Deadchest of [robson2] has expired in world
[2022-09-13 23:37:15] Deadchest of [robson2] has expired in world
[2022-09-13 23:37:15] Deadchest of [robson2] has expired in world
[2022-09-13 23:37:16] Deadchest of [robson2] has expired in world
[2022-09-13 23:37:19] Deadchest of [robson2] has expired in world
[2022-09-13 23:37:19] Deadchest of [robson2] has expired in world
[2022-09-13 23:37:19] Deadchest of [robson2] has expired in world
[2022-09-13 23:37:20] Deadchest of [robson2] has expired in world
[2022-09-13 23:37:23] Deadchest of [robson2] has expired in world
[2022-09-13 23:37:23] Deadchest of [robson2] has expired in world
[2022-09-13 23:37:24] Deadchest of [robson2] has expired in world
[2022-09-13 23:37:24] Deadchest of [robson2] has expired in world
[2022-09-13 23:37:25] Deadchest of [robson2] has expired in world
[2022-09-13 23:37:28] Deadchest of [robson2] has expired in world
[2022-09-13 23:37:28] Deadchest of [robson2] has expired in world
[2022-09-13 23:37:29] Deadchest of [robson2] has expired in world
[2022-09-13 23:37:29] Deadchest of [robson2] has expired in world
[2022-09-13 23:37:30] Deadchest of [robson2] has expired in world
[2022-09-13 23:37:33] Deadchest of [robson2] has expired in world
[2022-09-13 23:37:33] Deadchest of [robson2] has expired in world
[2022-09-13 23:37:33] Deadchest of [robson2] has expired in world
[2022-09-13 23:37:34] Deadchest of [robson2] has expired in world
[2022-09-13 23:37:37] Deadchest of [robson2] has expired in world
[2022-09-13 23:37:37] Deadchest of [robson2] has expired in world
[2022-09-13 23:37:38] Deadchest of [robson2] has expired in world
[2022-09-13 23:37:38] Deadchest of [robson2] has expired in world
[2022-09-13 23:37:39] Deadchest of [robson2] has expired in world
[2022-09-13 23:37:42] Deadchest of [robson2] has expired in world
[2022-09-13 23:37:42] Deadchest of [robson2] has expired in world
[2022-09-13 23:37:43] Deadchest of [robson2] has expired in world
[2022-09-13 23:37:43] Deadchest of [robson2] has expired in world
[2022-09-13 23:37:44] Deadchest of [robson2] has expired in world
[2022-09-13 23:37:47] Deadchest of [robson2] has expired in world
[2022-09-13 23:37:47] Deadchest of [robson2] has expired in world
[2022-09-13 23:37:47] Deadchest of [robson2] has expired in world
[2022-09-13 23:37:48] Deadchest of [robson2] has expired in world
[2022-09-13 23:37:51] Deadchest of [robson2] has expired in world
[2022-09-13 23:37:51] Deadchest of [robson2] has expired in world
[2022-09-13 23:37:52] Deadchest of [robson2] has expired in world
[2022-09-13 23:37:52] Deadchest of [robson2] has expired in world
[2022-09-13 23:37:53] Deadchest of [robson2] has expired in world
[2022-09-13 23:37:56] Deadchest of [robson2] has expired in world
[2022-09-13 23:37:56] Deadchest of [robson2] has expired in world
[2022-09-13 23:37:57] Deadchest of [robson2] has expired in world
[2022-09-13 23:37:57] Deadchest of [robson2] has expired in world
[2022-09-13 23:37:58] Deadchest of [robson2] has expired in world
[2022-09-13 23:38:01] Deadchest of [robson2] has expired in world
[2022-09-13 23:38:01] Deadchest of [robson2] has expired in world
[2022-09-13 23:38:02] Deadchest of [robson2] has expired in world
[2022-09-13 23:38:02] Deadchest of [robson2] has expired in world
[2022-09-13 23:38:03] Deadchest of [robson2] has expired in world
[2022-09-13 23:38:08] Deadchest of [robson2] has expired in world
[2022-09-13 23:38:08] Deadchest of [robson2] has expired in world
[2022-09-13 23:38:09] Deadchest of [robson2] has expired in world
[2022-09-13 23:38:10] Deadchest of [robson2] has expired in world
[2022-09-13 23:38:11] Deadchest of [robson2] has expired in world
[2022-09-13 23:38:12] Deadchest of [robson2] has expired in world
[2022-09-13 23:38:13] Deadchest of [robson2] has expired in world
[2022-09-13 23:38:13] Deadchest of [robson2] has expired in world
[2022-09-13 23:38:13] Deadchest of [robson2] has expired in world
[2022-09-13 23:38:14] Deadchest of [robson2] has expired in world
[2022-09-13 23:38:14] Deadchest of [robson2] has expired in world
[2022-09-13 23:38:15] Deadchest of [robson2] has expired in world
[2022-09-13 23:38:20] Deadchest of [robson2] has expired in world
[2022-09-13 23:38:20] Deadchest of [robson2] has expired in world
[2022-09-13 23:38:21] Deadchest of [robson2] has expired in world
[2022-09-13 23:38:21] Deadchest of [robson2] has expired in world
[2022-09-13 23:38:22] Deadchest of [robson2] has expired in world
[2022-09-13 23:38:22] Deadchest of [robson2] has expired in world
[2022-09-13 23:38:23] Deadchest of [robson2] has expired in world
[2022-09-13 23:38:23] Deadchest of [robson2] has expired in world
[2022-09-13 23:38:24] Deadchest of [robson2] has expired in world
[2022-09-13 23:38:29] Deadchest of [robson2] has expired in world
[2022-09-13 23:38:29] Deadchest of [robson2] has expired in world
[2022-09-13 23:38:30] Deadchest of [robson2] has expired in world
[2022-09-13 23:38:30] Deadchest of [robson2] has expired in world
[2022-09-13 23:38:31] Deadchest of [robson2] has expired in world
[2022-09-13 23:38:31] Deadchest of [robson2] has expired in world
[2022-09-13 23:38:31] Deadchest of [robson2] has expired in world
[2022-09-13 23:38:32] Deadchest of [robson2] has expired in world
[2022-09-13 23:38:35] Deadchest of [robson2] has expired in world
[2022-09-13 23:38:35] Deadchest of [robson2] has expired in world
[2022-09-13 23:38:35] Deadchest of [robson2] has expired in world
[2022-09-13 23:38:36] Deadchest of [robson2] has expired in world
[2022-09-13 23:38:39] Deadchest of [robson2] has expired in world
[2022-09-13 23:38:39] Deadchest of [robson2] has expired in world
[2022-09-13 23:38:40] Deadchest of [robson2] has expired in world
[2022-09-13 23:38:40] Deadchest of [robson2] has expired in world
[2022-09-13 23:38:41] Deadchest of [robson2] has expired in world
[2022-09-13 23:38:44] Deadchest of [robson2] has expired in world
[2022-09-13 23:38:44] Deadchest of [robson2] has expired in world
[2022-09-13 23:38:45] Deadchest of [robson2] has expired in world
[2022-09-13 23:38:45] Deadchest of [robson2] has expired in world
[2022-09-13 23:38:46] Deadchest of [robson2] has expired in world
[2022-09-13 23:38:49] Deadchest of [robson2] has expired in world
[2022-09-13 23:38:49] Deadchest of [robson2] has expired in world
[2022-09-13 23:38:49] Deadchest of [robson2] has expired in world
[2022-09-13 23:38:50] Deadchest of [robson2] has expired in world
[2022-09-13 23:38:53] Deadchest of [robson2] has expired in world
[2022-09-13 23:38:53] Deadchest of [robson2] has expired in world
[2022-09-13 23:38:54] Deadchest of [robson2] has expired in world
[2022-09-13 23:38:54] Deadchest of [robson2] has expired in world
[2022-09-13 23:38:55] Deadchest of [robson2] has expired in world
[2022-09-13 23:38:58] Deadchest of [robson2] has expired in world
[2022-09-13 23:38:58] Deadchest of [robson2] has expired in world
[2022-09-13 23:38:59] Deadchest of [robson2] has expired in world
[2022-09-13 23:38:59] Deadchest of [robson2] has expired in world
[2022-09-13 23:39:00] Deadchest of [robson2] has expired in world
[2022-09-13 23:39:03] Deadchest of [robson2] has expired in world
[2022-09-13 23:39:03] Deadchest of [robson2] has expired in world
[2022-09-13 23:39:03] Deadchest of [robson2] has expired in world
[2022-09-13 23:39:04] Deadchest of [robson2] has expired in world
[2022-09-13 23:39:07] Deadchest of [robson2] has expired in world
[2022-09-13 23:39:07] Deadchest of [robson2] has expired in world
[2022-09-13 23:39:08] Deadchest of [robson2] has expired in world
[2022-09-13 23:39:08] Deadchest of [robson2] has expired in world
[2022-09-13 23:39:09] Deadchest of [robson2] has expired in world
[2022-09-13 23:39:12] Deadchest of [robson2] has expired in world
[2022-09-13 23:39:12] Deadchest of [robson2] has expired in world
[2022-09-13 23:39:13] Deadchest of [robson2] has expired in world
[2022-09-13 23:39:13] Deadchest of [robson2] has expired in world
[2022-09-13 23:39:16] Deadchest of [robson2] has expired in world
[2022-09-13 23:39:16] Deadchest of [robson2] has expired in world
[2022-09-13 23:39:16] Deadchest of [robson2] has expired in world
[2022-09-13 23:39:17] Deadchest of [robson2] has expired in world
[2022-09-13 23:39:20] Deadchest of [robson2] has expired in world
[2022-09-13 23:39:20] Deadchest of [robson2] has expired in world
[2022-09-13 23:39:21] Deadchest of [robson2] has expired in world
[2022-09-13 23:39:21] Deadchest of [robson2] has expired in world
[2022-09-13 23:39:22] Deadchest of [robson2] has expired in world
[2022-09-13 23:39:25] Deadchest of [robson2] has expired in world
[2022-09-13 23:39:25] Deadchest of [robson2] has expired in world
[2022-09-13 23:39:26] Deadchest of [robson2] has expired in world
[2022-09-13 23:39:26] Deadchest of [robson2] has expired in world
[2022-09-13 23:39:28] Deadchest of [robson2] has expired in world
[2022-09-13 23:39:29] Deadchest of [robson2] has expired in world
[2022-09-13 23:39:29] Deadchest of [robson2] has expired in world
[2022-09-13 23:39:31] Deadchest of [robson2] has expired in world
[2022-09-13 23:39:32] Deadchest of [robson2] has expired in world
[2022-09-13 23:39:32] Deadchest of [robson2] has expired in world
[2022-09-13 23:39:34] Deadchest of [robson2] has expired in world
[2022-09-13 23:39:35] Deadchest of [robson2] has expired in world
[2022-09-13 23:39:35] Deadchest of [robson2] has expired in world
[2022-09-13 23:39:36] Deadchest of [robson2] has expired in world
[2022-09-13 23:39:39] Deadchest of [robson2] has expired in world
[2022-09-13 23:39:39] Deadchest of [robson2] has expired in world
[2022-09-13 23:39:39] Deadchest of [robson2] has expired in world
[2022-09-13 23:39:40] Deadchest of [robson2] has expired in world
[2022-09-13 23:39:42] Deadchest of [robson2] has expired in world
[2022-09-13 23:39:43] Deadchest of [robson2] has expired in world
[2022-09-13 23:39:43] Deadchest of [robson2] has expired in world
[2022-09-13 23:39:44] Deadchest of [robson2] has expired in world
[2022-09-13 23:39:46] Deadchest of [robson2] has expired in world
[2022-09-13 23:39:47] Deadchest of [robson2] has expired in world
[2022-09-13 23:39:47] Deadchest of [robson2] has expired in world
[2022-09-13 23:39:48] Deadchest of [robson2] has expired in world
[2022-09-13 23:39:50] Deadchest of [robson2] has expired in world
[2022-09-13 23:39:51] Deadchest of [robson2] has expired in world
[2022-09-13 23:39:51] Deadchest of [robson2] has expired in world
[2022-09-13 23:39:52] Deadchest of [robson2] has expired in world
[2022-09-13 23:39:55] Deadchest of [robson2] has expired in world
[2022-09-13 23:39:55] Deadchest of [robson2] has expired in world
[2022-09-13 23:39:55] Deadchest of [robson2] has expired in world
[2022-09-13 23:39:56] Deadchest of [robson2] has expired in world
[2022-09-13 23:39:59] Deadchest of [robson2] has expired in world
[2022-09-13 23:39:59] Deadchest of [robson2] has expired in world
[2022-09-13 23:39:59] Deadchest of [robson2] has expired in world
[2022-09-13 23:40:00] Deadchest of [robson2] has expired in world
[2022-09-13 23:40:03] Deadchest of [robson2] has expired in world
[2022-09-13 23:40:04] Deadchest of [robson2] has expired in world
[2022-09-13 23:40:04] Deadchest of [robson2] has expired in world
[2022-09-13 23:40:05] Deadchest of [robson2] has expired in world
[2022-09-13 23:40:07] Deadchest of [robson2] has expired in world
[2022-09-13 23:40:07] Deadchest of [robson2] has expired in world
[2022-09-13 23:40:08] Deadchest of [robson2] has expired in world
[2022-09-13 23:40:08] Deadchest of [robson2] has expired in world
[2022-09-13 23:40:09] Deadchest of [robson2] has expired in world
[2022-09-13 23:40:10] Deadchest of [robson2] has expired in world
[2022-09-13 23:40:11] Deadchest of [robson2] has expired in world
[2022-09-13 23:40:16] Deadchest of [robson2] has expired in world
[2022-09-13 23:40:16] Deadchest of [robson2] has expired in world
[2022-09-13 23:40:17] Deadchest of [robson2] has expired in world
[2022-09-13 23:40:17] Deadchest of [robson2] has expired in world
[2022-09-13 23:40:18] Deadchest of [robson2] has expired in world
[2022-09-13 23:40:18] Deadchest of [robson2] has expired in world
[2022-09-13 23:40:19] Deadchest of [robson2] has expired in world
[2022-09-13 23:40:19] Deadchest of [robson2] has expired in world
[2022-09-13 23:40:24] Deadchest of [robson2] has expired in world
[2022-09-13 23:40:24] Deadchest of [robson2] has expired in world
[2022-09-13 23:40:25] Deadchest of [robson2] has expired in world
[2022-09-13 23:40:25] Deadchest of [robson2] has expired in world
[2022-09-13 23:40:26] Deadchest of [robson2] has expired in world
[2022-09-13 23:40:26] Deadchest of [robson2] has expired in world
[2022-09-13 23:40:27] Deadchest of [robson2] has expired in world
[2022-09-13 23:40:27] Deadchest of [robson2] has expired in world
[2022-09-13 23:40:31] Deadchest of [robson2] has expired in world
[2022-09-13 23:40:32] Deadchest of [robson2] has expired in world
[2022-09-13 23:40:33] Deadchest of [robson2] has expired in world
[2022-09-13 23:40:33] Deadchest of [robson2] has expired in world
[2022-09-13 23:40:34] Deadchest of [robson2] has expired in world
[2022-09-13 23:40:34] Deadchest of [robson2] has expired in world
[2022-09-13 23:40:35] Deadchest of [robson2] has expired in world
[2022-09-13 23:40:35] Deadchest of [robson2] has expired in world
[2022-09-13 23:40:38] Deadchest of [robson2] has expired in world
[2022-09-13 23:40:38] Deadchest of [robson2] has expired in world
[2022-09-13 23:40:38] Deadchest of [robson2] has expired in world
[2022-09-13 23:40:39] Deadchest of [robson2] has expired in world
[2022-09-13 23:40:42] Deadchest of [robson2] has expired in world
[2022-09-13 23:40:42] Deadchest of [robson2] has expired in world
[2022-09-13 23:40:42] Deadchest of [robson2] has expired in world
[2022-09-13 23:40:43] Deadchest of [robson2] has expired in world
[2022-09-13 23:40:46] Deadchest of [robson2] has expired in world
[2022-09-13 23:40:46] Deadchest of [robson2] has expired in world
[2022-09-13 23:40:46] Deadchest of [robson2] has expired in world
[2022-09-13 23:40:47] Deadchest of [robson2] has expired in world
[2022-09-13 23:40:50] Deadchest of [robson2] has expired in world
[2022-09-13 23:40:50] Deadchest of [robson2] has expired in world
[2022-09-13 23:40:51] Deadchest of [robson2] has expired in world
[2022-09-13 23:40:51] Deadchest of [robson2] has expired in world
[2022-09-13 23:40:52] Deadchest of [robson2] has expired in world
[2022-09-13 23:40:54] Deadchest of [robson2] has expired in world
[2022-09-13 23:40:55] Deadchest of [robson2] has expired in world
[2022-09-13 23:40:55] Deadchest of [robson2] has expired in world
[2022-09-13 23:40:57] Deadchest of [robson2] has expired in world
[2022-09-13 23:40:58] Deadchest of [robson2] has expired in world
[2022-09-13 23:40:58] Deadchest of [robson2] has expired in world
[2022-09-13 23:41:00] Deadchest of [robson2] has expired in world
[2022-09-13 23:41:01] Deadchest of [robson2] has expired in world
[2022-09-13 23:41:01] Deadchest of [robson2] has expired in world
[2022-09-13 23:41:02] Deadchest of [robson2] has expired in world
[2022-09-13 23:41:05] Deadchest of [robson2] has expired in world
[2022-09-13 23:41:05] Deadchest of [robson2] has expired in world
[2022-09-13 23:41:05] Deadchest of [robson2] has expired in world
[2022-09-13 23:41:06] Deadchest of [robson2] has expired in world
[2022-09-13 23:41:09] Deadchest of [robson2] has expired in world
[2022-09-13 23:41:09] Deadchest of [robson2] has expired in world
[2022-09-13 23:41:09] Deadchest of [robson2] has expired in world
[2022-09-13 23:41:10] Deadchest of [robson2] has expired in world
[2022-09-13 23:41:13] Deadchest of [robson2] has expired in world
[2022-09-13 23:41:13] Deadchest of [robson2] has expired in world
[2022-09-13 23:41:13] Deadchest of [robson2] has expired in world
[2022-09-13 23:41:14] Deadchest of [robson2] has expired in world
[2022-09-13 23:41:16] Deadchest of [robson2] has expired in world
[2022-09-13 23:41:17] Deadchest of [robson2] has expired in world
[2022-09-13 23:41:17] Deadchest of [robson2] has expired in world
[2022-09-13 23:41:18] Deadchest of [robson2] has expired in world
[2022-09-13 23:41:20] Deadchest of [robson2] has expired in world
[2022-09-13 23:41:21] Deadchest of [robson2] has expired in world
[2022-09-13 23:41:21] Deadchest of [robson2] has expired in world
[2022-09-13 23:41:22] Deadchest of [robson2] has expired in world
[2022-09-13 23:41:24] Deadchest of [robson2] has expired in world
[2022-09-13 23:41:25] Deadchest of [robson2] has expired in world
[2022-09-13 23:41:25] Deadchest of [robson2] has expired in world
[2022-09-13 23:41:27] Deadchest of [robson2] has expired in world
[2022-09-13 23:41:28] Deadchest of [robson2] has expired in world
[2022-09-13 23:41:28] Deadchest of [robson2] has expired in world
[2022-09-13 23:41:30] Deadchest of [robson2] has expired in world
[2022-09-13 23:41:31] Deadchest of [robson2] has expired in world
[2022-09-13 23:41:31] Deadchest of [robson2] has expired in world
[2022-09-13 23:41:32] Deadchest of [robson2] has expired in world
[2022-09-13 23:41:35] Deadchest of [robson2] has expired in world
[2022-09-13 23:41:35] Deadchest of [robson2] has expired in world
[2022-09-13 23:41:35] Deadchest of [robson2] has expired in world
[2022-09-13 23:41:36] Deadchest of [robson2] has expired in world
[2022-09-13 23:41:39] Deadchest of [robson2] has expired in world
[2022-09-13 23:41:39] Deadchest of [robson2] has expired in world
[2022-09-13 23:41:39] Deadchest of [robson2] has expired in world
[2022-09-13 23:41:40] Deadchest of [robson2] has expired in world
[2022-09-13 23:41:43] Deadchest of [robson2] has expired in world
[2022-09-13 23:41:43] Deadchest of [robson2] has expired in world
[2022-09-13 23:41:43] Deadchest of [robson2] has expired in world
[2022-09-13 23:41:44] Deadchest of [robson2] has expired in world
[2022-09-13 23:41:47] Deadchest of [robson2] has expired in world
[2022-09-13 23:41:47] Deadchest of [robson2] has expired in world
[2022-09-13 23:41:47] Deadchest of [robson2] has expired in world
[2022-09-13 23:41:48] Deadchest of [robson2] has expired in world
[2022-09-13 23:41:51] Deadchest of [robson2] has expired in world
[2022-09-13 23:41:51] Deadchest of [robson2] has expired in world
[2022-09-13 23:41:52] Deadchest of [robson2] has expired in world
[2022-09-13 23:41:52] Deadchest of [robson2] has expired in world
[2022-09-13 23:41:55] Deadchest of [robson2] has expired in world
[2022-09-13 23:41:56] Deadchest of [robson2] has expired in world
[2022-09-13 23:41:56] Deadchest of [robson2] has expired in world
[2022-09-13 23:41:56] Deadchest of [robson2] has expired in world
[2022-09-13 23:41:57] Deadchest of [robson2] has expired in world
[2022-09-13 23:42:00] Deadchest of [robson2] has expired in world
[2022-09-13 23:42:00] Deadchest of [robson2] has expired in world
[2022-09-13 23:42:00] Deadchest of [robson2] has expired in world
[2022-09-13 23:42:01] Deadchest of [robson2] has expired in world
[2022-09-13 23:42:04] Deadchest of [robson2] has expired in world
[2022-09-13 23:42:05] Deadchest of [robson2] has expired in world
[2022-09-13 23:42:06] Deadchest of [robson2] has expired in world
[2022-09-13 23:42:07] Deadchest of [robson2] has expired in world
[2022-09-13 23:42:07] Deadchest of [robson2] has expired in world
[2022-09-13 23:42:08] Deadchest of [robson2] has expired in world
[2022-09-13 23:42:08] Deadchest of [robson2] has expired in world
[2022-09-13 23:42:09] Deadchest of [robson2] has expired in world
[2022-09-13 23:42:12] Deadchest of [robson2] has expired in world
[2022-09-13 23:42:13] Deadchest of [robson2] has expired in world
[2022-09-13 23:42:14] Deadchest of [robson2] has expired in world
[2022-09-13 23:42:15] Deadchest of [robson2] has expired in world
[2022-09-13 23:42:16] Deadchest of [robson2] has expired in world
[2022-09-13 23:42:17] Deadchest of [robson2] has expired in world
[2022-09-13 23:42:17] Deadchest of [robson2] has expired in world
[2022-09-13 23:42:18] Deadchest of [robson2] has expired in world
[2022-09-13 23:42:18] Deadchest of [robson2] has expired in world
[2022-09-13 23:42:19] Deadchest of [robson2] has expired in world
[2022-09-13 23:42:22] Deadchest of [robson2] has expired in world
[2022-09-13 23:42:23] Deadchest of [robson2] has expired in world
[2022-09-13 23:42:24] Deadchest of [robson2] has expired in world
[2022-09-13 23:42:24] Deadchest of [robson2] has expired in world
[2022-09-13 23:42:25] Deadchest of [robson2] has expired in world
[2022-09-13 23:42:26] Deadchest of [robson2] has expired in world
[2022-09-13 23:42:26] Deadchest of [robson2] has expired in world
[2022-09-13 23:42:27] Deadchest of [robson2] has expired in world
[2022-09-13 23:42:30] Deadchest of [robson2] has expired in world
[2022-09-13 23:42:31] Deadchest of [robson2] has expired in world
[2022-09-13 23:42:32] Deadchest of [robson2] has expired in world
[2022-09-13 23:42:33] Deadchest of [robson2] has expired in world
[2022-09-13 23:42:33] Deadchest of [robson2] has expired in world
[2022-09-13 23:42:34] Deadchest of [robson2] has expired in world
[2022-09-13 23:42:34] Deadchest of [robson2] has expired in world
[2022-09-13 23:42:37] Deadchest of [robson2] has expired in world
[2022-09-13 23:42:37] Deadchest of [robson2] has expired in world
[2022-09-13 23:42:37] Deadchest of [robson2] has expired in world
[2022-09-13 23:42:38] Deadchest of [robson2] has expired in world
[2022-09-13 23:42:41] Deadchest of [robson2] has expired in world
[2022-09-13 23:42:41] Deadchest of [robson2] has expired in world
[2022-09-13 23:42:42] Deadchest of [robson2] has expired in world
[2022-09-13 23:42:42] Deadchest of [robson2] has expired in world
[2022-09-13 23:42:45] Deadchest of [robson2] has expired in world
[2022-09-13 23:42:45] Deadchest of [robson2] has expired in world
[2022-09-13 23:42:46] Deadchest of [robson2] has expired in world
[2022-09-13 23:42:46] Deadchest of [robson2] has expired in world
[2022-09-13 23:42:47] Deadchest of [robson2] has expired in world
[2022-09-13 23:42:50] Deadchest of [robson2] has expired in world
[2022-09-13 23:42:50] Deadchest of [robson2] has expired in world
[2022-09-13 23:42:50] Deadchest of [robson2] has expired in world
[2022-09-13 23:42:51] Deadchest of [robson2] has expired in world
[2022-09-13 23:42:54] Deadchest of [robson2] has expired in world
[2022-09-13 23:42:54] Deadchest of [robson2] has expired in world
[2022-09-13 23:42:55] Deadchest of [robson2] has expired in world
[2022-09-13 23:42:55] Deadchest of [robson2] has expired in world
[2022-09-13 23:42:56] Deadchest of [robson2] has expired in world
[2022-09-13 23:42:59] Deadchest of [robson2] has expired in world
[2022-09-13 23:42:59] Deadchest of [robson2] has expired in world
[2022-09-13 23:43:00] Deadchest of [robson2] has expired in world
[2022-09-13 23:43:00] Deadchest of [robson2] has expired in world
[2022-09-13 23:43:01] Deadchest of [robson2] has expired in world
[2022-09-13 23:43:04] Deadchest of [robson2] has expired in world
[2022-09-13 23:43:04] Deadchest of [robson2] has expired in world
[2022-09-13 23:43:04] Deadchest of [robson2] has expired in world
[2022-09-13 23:43:05] Deadchest of [robson2] has expired in world
[2022-09-13 23:43:08] Deadchest of [robson2] has expired in world
[2022-09-13 23:43:08] Deadchest of [robson2] has expired in world
[2022-09-13 23:43:08] Deadchest of [robson2] has expired in world
[2022-09-13 23:43:09] Deadchest of [robson2] has expired in world
[2022-09-13 23:43:12] Deadchest of [robson2] has expired in world
[2022-09-13 23:43:12] Deadchest of [robson2] has expired in world
[2022-09-13 23:43:13] Deadchest of [robson2] has expired in world
[2022-09-13 23:43:13] Deadchest of [robson2] has expired in world
[2022-09-13 23:43:14] Deadchest of [robson2] has expired in world
[2022-09-13 23:43:17] Deadchest of [robson2] has expired in world
[2022-09-13 23:43:17] Deadchest of [robson2] has expired in world
[2022-09-13 23:43:18] Deadchest of [robson2] has expired in world
[2022-09-13 23:43:18] Deadchest of [robson2] has expired in world
[2022-09-13 23:43:21] Deadchest of [robson2] has expired in world
[2022-09-13 23:43:21] Deadchest of [robson2] has expired in world
[2022-09-13 23:43:22] Deadchest of [robson2] has expired in world
[2022-09-13 23:43:22] Deadchest of [robson2] has expired in world
[2022-09-13 23:43:23] Deadchest of [robson2] has expired in world
[2022-09-13 23:43:26] Deadchest of [robson2] has expired in world
[2022-09-13 23:43:26] Deadchest of [robson2] has expired in world
[2022-09-13 23:43:27] Deadchest of [robson2] has expired in world
[2022-09-13 23:43:27] Deadchest of [robson2] has expired in world
[2022-09-13 23:43:28] Deadchest of [robson2] has expired in world
[2022-09-13 23:43:31] Deadchest of [robson2] has expired in world
[2022-09-13 23:43:31] Deadchest of [robson2] has expired in world
[2022-09-13 23:43:31] Deadchest of [robson2] has expired in world
[2022-09-13 23:43:32] Deadchest of [robson2] has expired in world
[2022-09-13 23:43:35] Deadchest of [robson2] has expired in world
[2022-09-13 23:43:35] Deadchest of [robson2] has expired in world
[2022-09-13 23:43:36] Deadchest of [robson2] has expired in world
[2022-09-13 23:43:36] Deadchest of [robson2] has expired in world
[2022-09-13 23:43:39] Deadchest of [robson2] has expired in world
[2022-09-13 23:43:39] Deadchest of [robson2] has expired in world
[2022-09-13 23:43:40] Deadchest of [robson2] has expired in world
[2022-09-13 23:43:40] Deadchest of [robson2] has expired in world
[2022-09-13 23:43:41] Deadchest of [robson2] has expired in world
[2022-09-13 23:43:44] Deadchest of [robson2] has expired in world
[2022-09-13 23:43:44] Deadchest of [robson2] has expired in world
[2022-09-13 23:43:45] Deadchest of [robson2] has expired in world
[2022-09-13 23:43:45] Deadchest of [robson2] has expired in world
[2022-09-13 23:43:47] Deadchest of [robson2] has expired in world
[2022-09-13 23:43:48] Deadchest of [robson2] has expired in world
[2022-09-13 23:43:48] Deadchest of [robson2] has expired in world
[2022-09-13 23:43:49] Deadchest of [robson2] has expired in world
[2022-09-13 23:43:52] Deadchest of [robson2] has expired in world
[2022-09-13 23:43:52] Deadchest of [robson2] has expired in world
[2022-09-13 23:43:53] Deadchest of [robson2] has expired in world
[2022-09-13 23:43:53] Deadchest of [robson2] has expired in world
[2022-09-13 23:43:54] Deadchest of [robson2] has expired in world
[2022-09-13 23:43:57] Deadchest of [robson2] has expired in world
[2022-09-13 23:43:57] Deadchest of [robson2] has expired in world
[2022-09-13 23:43:57] Deadchest of [robson2] has expired in world
[2022-09-13 23:43:58] Deadchest of [robson2] has expired in world
[2022-09-13 23:44:01] Deadchest of [robson2] has expired in world
[2022-09-13 23:44:01] Deadchest of [robson2] has expired in world
[2022-09-13 23:44:02] Deadchest of [robson2] has expired in world
[2022-09-13 23:44:02] Deadchest of [robson2] has expired in world
